<?xml version="1.0" encoding="UTF-8"?>
<!-- Generated by org.testng.reporters.JUnitReportReporter -->
<testsuite hostname="CSPC182" name="Test.LoginTest" tests="7" failures="0" timestamp="15 Mar 2022 07:27:05 GMT" time="52.547" errors="0">
  <testcase name="enter_invalid_username_and_invalid_password" time="4.542" classname="Test.LoginTest"/>
  <testcase name="enter_valid_password" time="4.456" classname="Test.LoginTest"/>
  <testcase name="enter_invalid_username_and_valid_password" time="4.594" classname="Test.LoginTest"/>
  <testcase name="open_the_LoginPage_Url" time="24.305" classname="Test.LoginTest"/>
  <testcase name="enter_valid_username" time="4.542" classname="Test.LoginTest"/>
  <testcase name="enter_valid_username_and_invalid_password" time="5.406" classname="Test.LoginTest"/>
  <testcase name="enter_valid_username_and_valid_password" time="4.702" classname="Test.LoginTest"/>
</testsuite> <!-- Test.LoginTest -->
