<?xml version="1.0" encoding="UTF-8"?>
<!-- Generated by org.testng.reporters.JUnitReportReporter -->
<testsuite hostname="CSPC182" name="Test.Firstclass" tests="2" failures="0" timestamp="9 Mar 2022 08:24:45 GMT" time="4.672" errors="0">
  <testcase name="invalid_email_and_invalid_password" time="1.888" classname="Test.Firstclass"/>
  <testcase name="valid_email_and_valid_password" time="2.784" classname="Test.Firstclass"/>
</testsuite> <!-- Test.Firstclass -->
