<?xml version="1.0" encoding="UTF-8"?>
<!-- Generated by org.testng.reporters.JUnitReportReporter -->
<testsuite hostname="CSPC182" name="Test.shipcaddietest" tests="1" failures="0" timestamp="7 Mar 2022 10:52:25 GMT" time="43.717" errors="0">
  <testcase name="login" time="43.717" classname="Test.shipcaddietest"/>
</testsuite> <!-- Test.shipcaddietest -->
